Copyright 1986-2019 Xilinx, Inc. All Rights Reserved.
-----------------------------------------------------------------------------------------------------------------------------------------------
| Tool Version : Vivado v.2019.1 (win64) Build 2552052 Fri May 24 14:49:42 MDT 2019
| Date         : Sun Mar 20 22:50:32 2022
| Host         : DEKSTOP-MAX running 64-bit major release  (build 9200)
| Command      : report_methodology -file top_methodology_drc_routed.rpt -pb top_methodology_drc_routed.pb -rpx top_methodology_drc_routed.rpx
| Design       : top
| Device       : xc7a35tcpg236-1
| Speed File   : -1
| Design State : Fully Routed
-----------------------------------------------------------------------------------------------------------------------------------------------

Report Methodology

Table of Contents
-----------------
1. REPORT SUMMARY
2. REPORT DETAILS

1. REPORT SUMMARY
-----------------
            Netlist: netlist
          Floorplan: design_1
      Design limits: <entire design considered>
             Max violations: <unlimited>
             Violations found: 104
+-----------+------------------+-------------------------------------------+------------+
| Rule      | Severity         | Description                               | Violations |
+-----------+------------------+-------------------------------------------+------------+
| TIMING-17 | Critical Warning | Non-clocked sequential cell               | 62         |
| TIMING-27 | Critical Warning | Invalid primary clock on hierarchical pin | 2          |
| LUTAR-1   | Warning          | LUT drives async reset alert              | 3          |
| SYNTH-12  | Warning          | DSP input not registered                  | 1          |
| TIMING-9  | Warning          | Unknown CDC Logic                         | 1          |
| TIMING-18 | Warning          | Missing input or output delay             | 35         |
+-----------+------------------+-------------------------------------------+------------+

2. REPORT DETAILS
-----------------
TIMING-17#1 Critical Warning
Non-clocked sequential cell  
The clock pin my_keyboard/FSM_onehot_current_state_reg[0]/C is not reached by a timing clock
Related violations: <none>

TIMING-17#2 Critical Warning
Non-clocked sequential cell  
The clock pin my_keyboard/FSM_onehot_current_state_reg[1]/C is not reached by a timing clock
Related violations: <none>

TIMING-17#3 Critical Warning
Non-clocked sequential cell  
The clock pin my_keyboard/FSM_onehot_current_state_reg[2]/C is not reached by a timing clock
Related violations: <none>

TIMING-17#4 Critical Warning
Non-clocked sequential cell  
The clock pin my_keyboard/current_buffer_reg[10]/C is not reached by a timing clock
Related violations: <none>

TIMING-17#5 Critical Warning
Non-clocked sequential cell  
The clock pin my_keyboard/current_buffer_reg[1]/C is not reached by a timing clock
Related violations: <none>

TIMING-17#6 Critical Warning
Non-clocked sequential cell  
The clock pin my_keyboard/current_buffer_reg[2]/C is not reached by a timing clock
Related violations: <none>

TIMING-17#7 Critical Warning
Non-clocked sequential cell  
The clock pin my_keyboard/current_buffer_reg[3]/C is not reached by a timing clock
Related violations: <none>

TIMING-17#8 Critical Warning
Non-clocked sequential cell  
The clock pin my_keyboard/current_buffer_reg[4]/C is not reached by a timing clock
Related violations: <none>

TIMING-17#9 Critical Warning
Non-clocked sequential cell  
The clock pin my_keyboard/current_buffer_reg[5]/C is not reached by a timing clock
Related violations: <none>

TIMING-17#10 Critical Warning
Non-clocked sequential cell  
The clock pin my_keyboard/current_buffer_reg[6]/C is not reached by a timing clock
Related violations: <none>

TIMING-17#11 Critical Warning
Non-clocked sequential cell  
The clock pin my_keyboard/current_buffer_reg[7]/C is not reached by a timing clock
Related violations: <none>

TIMING-17#12 Critical Warning
Non-clocked sequential cell  
The clock pin my_keyboard/current_buffer_reg[8]/C is not reached by a timing clock
Related violations: <none>

TIMING-17#13 Critical Warning
Non-clocked sequential cell  
The clock pin my_keyboard/current_buffer_reg[9]/C is not reached by a timing clock
Related violations: <none>

TIMING-17#14 Critical Warning
Non-clocked sequential cell  
The clock pin my_keyboard/current_counter_reg[0]/C is not reached by a timing clock
Related violations: <none>

TIMING-17#15 Critical Warning
Non-clocked sequential cell  
The clock pin my_keyboard/current_counter_reg[1]/C is not reached by a timing clock
Related violations: <none>

TIMING-17#16 Critical Warning
Non-clocked sequential cell  
The clock pin my_keyboard/current_counter_reg[2]/C is not reached by a timing clock
Related violations: <none>

TIMING-17#17 Critical Warning
Non-clocked sequential cell  
The clock pin my_keyboard/current_counter_reg[3]/C is not reached by a timing clock
Related violations: <none>

TIMING-17#18 Critical Warning
Non-clocked sequential cell  
The clock pin my_keyboard/ps2_meta_fix_reg[0]/C is not reached by a timing clock
Related violations: <none>

TIMING-17#19 Critical Warning
Non-clocked sequential cell  
The clock pin my_keyboard/ps2_meta_fix_reg[1]/C is not reached by a timing clock
Related violations: <none>

TIMING-17#20 Critical Warning
Non-clocked sequential cell  
The clock pin my_sound/clk_counter_reg[0]/C is not reached by a timing clock
Related violations: <none>

TIMING-17#21 Critical Warning
Non-clocked sequential cell  
The clock pin my_sound/clk_counter_reg[10]/C is not reached by a timing clock
Related violations: <none>

TIMING-17#22 Critical Warning
Non-clocked sequential cell  
The clock pin my_sound/clk_counter_reg[11]/C is not reached by a timing clock
Related violations: <none>

TIMING-17#23 Critical Warning
Non-clocked sequential cell  
The clock pin my_sound/clk_counter_reg[12]/C is not reached by a timing clock
Related violations: <none>

TIMING-17#24 Critical Warning
Non-clocked sequential cell  
The clock pin my_sound/clk_counter_reg[13]/C is not reached by a timing clock
Related violations: <none>

TIMING-17#25 Critical Warning
Non-clocked sequential cell  
The clock pin my_sound/clk_counter_reg[14]/C is not reached by a timing clock
Related violations: <none>

TIMING-17#26 Critical Warning
Non-clocked sequential cell  
The clock pin my_sound/clk_counter_reg[15]/C is not reached by a timing clock
Related violations: <none>

TIMING-17#27 Critical Warning
Non-clocked sequential cell  
The clock pin my_sound/clk_counter_reg[16]/C is not reached by a timing clock
Related violations: <none>

TIMING-17#28 Critical Warning
Non-clocked sequential cell  
The clock pin my_sound/clk_counter_reg[17]/C is not reached by a timing clock
Related violations: <none>

TIMING-17#29 Critical Warning
Non-clocked sequential cell  
The clock pin my_sound/clk_counter_reg[18]/C is not reached by a timing clock
Related violations: <none>

TIMING-17#30 Critical Warning
Non-clocked sequential cell  
The clock pin my_sound/clk_counter_reg[19]/C is not reached by a timing clock
Related violations: <none>

TIMING-17#31 Critical Warning
Non-clocked sequential cell  
The clock pin my_sound/clk_counter_reg[1]/C is not reached by a timing clock
Related violations: <none>

TIMING-17#32 Critical Warning
Non-clocked sequential cell  
The clock pin my_sound/clk_counter_reg[20]/C is not reached by a timing clock
Related violations: <none>

TIMING-17#33 Critical Warning
Non-clocked sequential cell  
The clock pin my_sound/clk_counter_reg[21]/C is not reached by a timing clock
Related violations: <none>

TIMING-17#34 Critical Warning
Non-clocked sequential cell  
The clock pin my_sound/clk_counter_reg[22]/C is not reached by a timing clock
Related violations: <none>

TIMING-17#35 Critical Warning
Non-clocked sequential cell  
The clock pin my_sound/clk_counter_reg[23]/C is not reached by a timing clock
Related violations: <none>

TIMING-17#36 Critical Warning
Non-clocked sequential cell  
The clock pin my_sound/clk_counter_reg[24]/C is not reached by a timing clock
Related violations: <none>

TIMING-17#37 Critical Warning
Non-clocked sequential cell  
The clock pin my_sound/clk_counter_reg[25]/C is not reached by a timing clock
Related violations: <none>

TIMING-17#38 Critical Warning
Non-clocked sequential cell  
The clock pin my_sound/clk_counter_reg[26]/C is not reached by a timing clock
Related violations: <none>

TIMING-17#39 Critical Warning
Non-clocked sequential cell  
The clock pin my_sound/clk_counter_reg[27]/C is not reached by a timing clock
Related violations: <none>

TIMING-17#40 Critical Warning
Non-clocked sequential cell  
The clock pin my_sound/clk_counter_reg[28]/C is not reached by a timing clock
Related violations: <none>

TIMING-17#41 Critical Warning
Non-clocked sequential cell  
The clock pin my_sound/clk_counter_reg[29]/C is not reached by a timing clock
Related violations: <none>

TIMING-17#42 Critical Warning
Non-clocked sequential cell  
The clock pin my_sound/clk_counter_reg[2]/C is not reached by a timing clock
Related violations: <none>

TIMING-17#43 Critical Warning
Non-clocked sequential cell  
The clock pin my_sound/clk_counter_reg[30]/C is not reached by a timing clock
Related violations: <none>

TIMING-17#44 Critical Warning
Non-clocked sequential cell  
The clock pin my_sound/clk_counter_reg[31]/C is not reached by a timing clock
Related violations: <none>

TIMING-17#45 Critical Warning
Non-clocked sequential cell  
The clock pin my_sound/clk_counter_reg[3]/C is not reached by a timing clock
Related violations: <none>

TIMING-17#46 Critical Warning
Non-clocked sequential cell  
The clock pin my_sound/clk_counter_reg[4]/C is not reached by a timing clock
Related violations: <none>

TIMING-17#47 Critical Warning
Non-clocked sequential cell  
The clock pin my_sound/clk_counter_reg[5]/C is not reached by a timing clock
Related violations: <none>

TIMING-17#48 Critical Warning
Non-clocked sequential cell  
The clock pin my_sound/clk_counter_reg[6]/C is not reached by a timing clock
Related violations: <none>

TIMING-17#49 Critical Warning
Non-clocked sequential cell  
The clock pin my_sound/clk_counter_reg[7]/C is not reached by a timing clock
Related violations: <none>

TIMING-17#50 Critical Warning
Non-clocked sequential cell  
The clock pin my_sound/clk_counter_reg[8]/C is not reached by a timing clock
Related violations: <none>

TIMING-17#51 Critical Warning
Non-clocked sequential cell  
The clock pin my_sound/clk_counter_reg[9]/C is not reached by a timing clock
Related violations: <none>

TIMING-17#52 Critical Warning
Non-clocked sequential cell  
The clock pin my_sound/frequency_reg[0]/C is not reached by a timing clock
Related violations: <none>

TIMING-17#53 Critical Warning
Non-clocked sequential cell  
The clock pin my_sound/frequency_reg[1]/C is not reached by a timing clock
Related violations: <none>

TIMING-17#54 Critical Warning
Non-clocked sequential cell  
The clock pin my_sound/frequency_reg[2]/C is not reached by a timing clock
Related violations: <none>

TIMING-17#55 Critical Warning
Non-clocked sequential cell  
The clock pin my_sound/frequency_reg[3]/C is not reached by a timing clock
Related violations: <none>

TIMING-17#56 Critical Warning
Non-clocked sequential cell  
The clock pin my_sound/frequency_reg[4]/C is not reached by a timing clock
Related violations: <none>

TIMING-17#57 Critical Warning
Non-clocked sequential cell  
The clock pin my_sound/frequency_reg[5]/C is not reached by a timing clock
Related violations: <none>

TIMING-17#58 Critical Warning
Non-clocked sequential cell  
The clock pin my_sound/frequency_reg[6]/C is not reached by a timing clock
Related violations: <none>

TIMING-17#59 Critical Warning
Non-clocked sequential cell  
The clock pin my_sound/frequency_reg[7]/C is not reached by a timing clock
Related violations: <none>

TIMING-17#60 Critical Warning
Non-clocked sequential cell  
The clock pin my_sound/frequency_reg[8]/C is not reached by a timing clock
Related violations: <none>

TIMING-17#61 Critical Warning
Non-clocked sequential cell  
The clock pin my_sound/frequency_reg[9]/C is not reached by a timing clock
Related violations: <none>

TIMING-17#62 Critical Warning
Non-clocked sequential cell  
The clock pin my_sound/pwm_reg/C is not reached by a timing clock
Related violations: <none>

TIMING-27#1 Critical Warning
Invalid primary clock on hierarchical pin  
A primary clock my_microblaze/microblaze_i/clk_wiz_0/inst/clk_in1 is created on an inappropriate internal pin my_microblaze/microblaze_i/clk_wiz_0/inst/clk_in1. It is not recommended to create a primary clock on a hierarchical pin when its driver pin has a fanout connected to multiple clock pins
Related violations: <none>

TIMING-27#2 Critical Warning
Invalid primary clock on hierarchical pin  
A primary clock my_vga_clk/inst/clk_in1 is created on an inappropriate internal pin my_vga_clk/inst/clk_in1. It is not recommended to create a primary clock on a hierarchical pin when its driver pin has a fanout connected to multiple clock pins
Related violations: <none>

LUTAR-1#1 Warning
LUT drives async reset alert  
LUT cell my_microblaze/microblaze_i/mdm_1/U0/MDM_Core_I1/JTAG_CONTROL_I/sel_n_i_2, with 2 or more inputs, drives asynchronous preset/clear pin(s) my_microblaze/microblaze_i/mdm_1/U0/MDM_Core_I1/JTAG_CONTROL_I/sel_n_reg/PRE. The LUT may glitch and trigger an unexpected reset, even if it is a properly timed path.
Related violations: <none>

LUTAR-1#2 Warning
LUT drives async reset alert  
LUT cell my_microblaze/microblaze_i/mdm_1/U0/Use_E2.BSCAN_I/Use_Serial_Unified_Completion.completion_status[15]_i_1, with 2 or more inputs, drives asynchronous preset/clear pin(s) my_microblaze/microblaze_i/mdm_1/U0/MDM_Core_I1/Use_BSCAN.Config_Reg_reg[0]/CLR, my_microblaze/microblaze_i/mdm_1/U0/MDM_Core_I1/Use_BSCAN.Config_Reg_reg[10]/CLR, my_microblaze/microblaze_i/mdm_1/U0/MDM_Core_I1/Use_BSCAN.Config_Reg_reg[26]/CLR, my_microblaze/microblaze_i/mdm_1/U0/MDM_Core_I1/Use_BSCAN.Config_Reg_reg[3]/CLR, my_microblaze/microblaze_i/mdm_1/U0/MDM_Core_I1/Use_BSCAN.Config_Reg_reg_c/CLR, my_microblaze/microblaze_i/mdm_1/U0/MDM_Core_I1/Use_BSCAN.Config_Reg_reg_c_0/CLR, my_microblaze/microblaze_i/mdm_1/U0/MDM_Core_I1/Use_BSCAN.Config_Reg_reg_c_1/CLR, my_microblaze/microblaze_i/mdm_1/U0/MDM_Core_I1/Use_BSCAN.Config_Reg_reg_c_10/CLR, my_microblaze/microblaze_i/mdm_1/U0/MDM_Core_I1/Use_BSCAN.Config_Reg_reg_c_11/CLR, my_microblaze/microblaze_i/mdm_1/U0/MDM_Core_I1/Use_BSCAN.Config_Reg_reg_c_12/CLR, my_microblaze/microblaze_i/mdm_1/U0/MDM_Core_I1/Use_BSCAN.Config_Reg_reg_c_2/CLR, my_microblaze/microblaze_i/mdm_1/U0/MDM_Core_I1/Use_BSCAN.Config_Reg_reg_c_3/CLR, my_microblaze/microblaze_i/mdm_1/U0/MDM_Core_I1/Use_BSCAN.Config_Reg_reg_c_4/CLR, my_microblaze/microblaze_i/mdm_1/U0/MDM_Core_I1/Use_BSCAN.Config_Reg_reg_c_5/CLR, my_microblaze/microblaze_i/mdm_1/U0/MDM_Core_I1/Use_BSCAN.Config_Reg_reg_c_6/CLR (the first 15 of 23 listed). The LUT may glitch and trigger an unexpected reset, even if it is a properly timed path.
Related violations: <none>

LUTAR-1#3 Warning
LUT drives async reset alert  
LUT cell my_microblaze/microblaze_i/mdm_1/U0/Use_E2.BSCAN_I/Use_Serial_Unified_Completion.completion_status[15]_i_1, with 2 or more inputs, drives asynchronous preset/clear pin(s) my_microblaze/microblaze_i/mdm_1/U0/MDM_Core_I1/Use_BSCAN.PORT_Selector_1_reg[0]/CLR, my_microblaze/microblaze_i/mdm_1/U0/MDM_Core_I1/Use_BSCAN.PORT_Selector_1_reg[1]/CLR, my_microblaze/microblaze_i/mdm_1/U0/MDM_Core_I1/Use_BSCAN.PORT_Selector_1_reg[2]/CLR, my_microblaze/microblaze_i/mdm_1/U0/MDM_Core_I1/Use_BSCAN.PORT_Selector_1_reg[3]/CLR, my_microblaze/microblaze_i/mdm_1/U0/MDM_Core_I1/Use_BSCAN.PORT_Selector_reg[0]/CLR, my_microblaze/microblaze_i/mdm_1/U0/MDM_Core_I1/Use_BSCAN.PORT_Selector_reg[1]/CLR, my_microblaze/microblaze_i/mdm_1/U0/MDM_Core_I1/Use_BSCAN.PORT_Selector_reg[2]/CLR, my_microblaze/microblaze_i/mdm_1/U0/MDM_Core_I1/Use_BSCAN.PORT_Selector_reg[3]/CLR, my_microblaze/microblaze_i/mdm_1/U0/MDM_Core_I1/Use_BSCAN.TDI_Shifter_reg[0]/CLR, my_microblaze/microblaze_i/mdm_1/U0/MDM_Core_I1/Use_BSCAN.TDI_Shifter_reg[1]/CLR, my_microblaze/microblaze_i/mdm_1/U0/MDM_Core_I1/Use_BSCAN.TDI_Shifter_reg[2]/CLR, my_microblaze/microblaze_i/mdm_1/U0/MDM_Core_I1/Use_BSCAN.TDI_Shifter_reg[3]/CLR. The LUT may glitch and trigger an unexpected reset, even if it is a properly timed path.
Related violations: <none>

SYNTH-12#1 Warning
DSP input not registered  
DSP instance my_vga/notenbalk_addr_reg is not fully pipelined on the input side. AREG/BREG/CREG/DREG are not used.
Related violations: <none>

TIMING-9#1 Warning
Unknown CDC Logic  
One or more asynchronous Clock Domain Crossing has been detected between 2 clock domains through a set_false_path or a set_clock_groups or set_max_delay -datapath_only constraint but no double-registers logic synchronizer has been found on the side of the capture clock. It is recommended to run report_cdc for a complete and detailed CDC coverage. Please consider using XPM_CDC to avoid Critical severities
Related violations: <none>

TIMING-18#1 Warning
Missing input or output delay  
An input delay is missing on top_reset relative to clock(s) my_microblaze/microblaze_i/clk_wiz_0/inst/clk_in1
Related violations: <none>

TIMING-18#2 Warning
Missing input or output delay  
An input delay is missing on top_switches[0] relative to clock(s) my_microblaze/microblaze_i/clk_wiz_0/inst/clk_in1
Related violations: <none>

TIMING-18#3 Warning
Missing input or output delay  
An input delay is missing on top_switches[10] relative to clock(s) my_microblaze/microblaze_i/clk_wiz_0/inst/clk_in1
Related violations: <none>

TIMING-18#4 Warning
Missing input or output delay  
An input delay is missing on top_switches[11] relative to clock(s) my_microblaze/microblaze_i/clk_wiz_0/inst/clk_in1
Related violations: <none>

TIMING-18#5 Warning
Missing input or output delay  
An input delay is missing on top_switches[12] relative to clock(s) my_microblaze/microblaze_i/clk_wiz_0/inst/clk_in1
Related violations: <none>

TIMING-18#6 Warning
Missing input or output delay  
An input delay is missing on top_switches[13] relative to clock(s) my_microblaze/microblaze_i/clk_wiz_0/inst/clk_in1
Related violations: <none>

TIMING-18#7 Warning
Missing input or output delay  
An input delay is missing on top_switches[14] relative to clock(s) my_microblaze/microblaze_i/clk_wiz_0/inst/clk_in1
Related violations: <none>

TIMING-18#8 Warning
Missing input or output delay  
An input delay is missing on top_switches[15] relative to clock(s) my_microblaze/microblaze_i/clk_wiz_0/inst/clk_in1
Related violations: <none>

TIMING-18#9 Warning
Missing input or output delay  
An input delay is missing on top_switches[1] relative to clock(s) my_microblaze/microblaze_i/clk_wiz_0/inst/clk_in1
Related violations: <none>

TIMING-18#10 Warning
Missing input or output delay  
An input delay is missing on top_switches[2] relative to clock(s) my_microblaze/microblaze_i/clk_wiz_0/inst/clk_in1
Related violations: <none>

TIMING-18#11 Warning
Missing input or output delay  
An input delay is missing on top_switches[3] relative to clock(s) my_microblaze/microblaze_i/clk_wiz_0/inst/clk_in1
Related violations: <none>

TIMING-18#12 Warning
Missing input or output delay  
An input delay is missing on top_switches[4] relative to clock(s) my_microblaze/microblaze_i/clk_wiz_0/inst/clk_in1
Related violations: <none>

TIMING-18#13 Warning
Missing input or output delay  
An input delay is missing on top_switches[5] relative to clock(s) my_microblaze/microblaze_i/clk_wiz_0/inst/clk_in1
Related violations: <none>

TIMING-18#14 Warning
Missing input or output delay  
An input delay is missing on top_switches[6] relative to clock(s) my_microblaze/microblaze_i/clk_wiz_0/inst/clk_in1
Related violations: <none>

TIMING-18#15 Warning
Missing input or output delay  
An input delay is missing on top_switches[7] relative to clock(s) my_microblaze/microblaze_i/clk_wiz_0/inst/clk_in1
Related violations: <none>

TIMING-18#16 Warning
Missing input or output delay  
An input delay is missing on top_switches[8] relative to clock(s) my_microblaze/microblaze_i/clk_wiz_0/inst/clk_in1
Related violations: <none>

TIMING-18#17 Warning
Missing input or output delay  
An input delay is missing on top_switches[9] relative to clock(s) my_microblaze/microblaze_i/clk_wiz_0/inst/clk_in1
Related violations: <none>

TIMING-18#18 Warning
Missing input or output delay  
An input delay is missing on top_uart_rx relative to clock(s) my_microblaze/microblaze_i/clk_wiz_0/inst/clk_in1
Related violations: <none>

TIMING-18#19 Warning
Missing input or output delay  
An output delay is missing on top_leds[0] relative to clock(s) my_microblaze/microblaze_i/clk_wiz_0/inst/clk_in1
Related violations: <none>

TIMING-18#20 Warning
Missing input or output delay  
An output delay is missing on top_leds[10] relative to clock(s) my_microblaze/microblaze_i/clk_wiz_0/inst/clk_in1
Related violations: <none>

TIMING-18#21 Warning
Missing input or output delay  
An output delay is missing on top_leds[11] relative to clock(s) my_microblaze/microblaze_i/clk_wiz_0/inst/clk_in1
Related violations: <none>

TIMING-18#22 Warning
Missing input or output delay  
An output delay is missing on top_leds[12] relative to clock(s) my_microblaze/microblaze_i/clk_wiz_0/inst/clk_in1
Related violations: <none>

TIMING-18#23 Warning
Missing input or output delay  
An output delay is missing on top_leds[13] relative to clock(s) my_microblaze/microblaze_i/clk_wiz_0/inst/clk_in1
Related violations: <none>

TIMING-18#24 Warning
Missing input or output delay  
An output delay is missing on top_leds[14] relative to clock(s) my_microblaze/microblaze_i/clk_wiz_0/inst/clk_in1
Related violations: <none>

TIMING-18#25 Warning
Missing input or output delay  
An output delay is missing on top_leds[15] relative to clock(s) my_microblaze/microblaze_i/clk_wiz_0/inst/clk_in1
Related violations: <none>

TIMING-18#26 Warning
Missing input or output delay  
An output delay is missing on top_leds[1] relative to clock(s) my_microblaze/microblaze_i/clk_wiz_0/inst/clk_in1
Related violations: <none>

TIMING-18#27 Warning
Missing input or output delay  
An output delay is missing on top_leds[2] relative to clock(s) my_microblaze/microblaze_i/clk_wiz_0/inst/clk_in1
Related violations: <none>

TIMING-18#28 Warning
Missing input or output delay  
An output delay is missing on top_leds[3] relative to clock(s) my_microblaze/microblaze_i/clk_wiz_0/inst/clk_in1
Related violations: <none>

TIMING-18#29 Warning
Missing input or output delay  
An output delay is missing on top_leds[4] relative to clock(s) my_microblaze/microblaze_i/clk_wiz_0/inst/clk_in1
Related violations: <none>

TIMING-18#30 Warning
Missing input or output delay  
An output delay is missing on top_leds[5] relative to clock(s) my_microblaze/microblaze_i/clk_wiz_0/inst/clk_in1
Related violations: <none>

TIMING-18#31 Warning
Missing input or output delay  
An output delay is missing on top_leds[6] relative to clock(s) my_microblaze/microblaze_i/clk_wiz_0/inst/clk_in1
Related violations: <none>

TIMING-18#32 Warning
Missing input or output delay  
An output delay is missing on top_leds[7] relative to clock(s) my_microblaze/microblaze_i/clk_wiz_0/inst/clk_in1
Related violations: <none>

TIMING-18#33 Warning
Missing input or output delay  
An output delay is missing on top_leds[8] relative to clock(s) my_microblaze/microblaze_i/clk_wiz_0/inst/clk_in1
Related violations: <none>

TIMING-18#34 Warning
Missing input or output delay  
An output delay is missing on top_leds[9] relative to clock(s) my_microblaze/microblaze_i/clk_wiz_0/inst/clk_in1
Related violations: <none>

TIMING-18#35 Warning
Missing input or output delay  
An output delay is missing on top_uart_tx relative to clock(s) my_microblaze/microblaze_i/clk_wiz_0/inst/clk_in1
Related violations: <none>


